INFO:pgconsole:Start Writing Original Text: "Welcome to pyRPG Console
***********************
Type 'list' for available commands and scripts.
Type 'command -h' for help.
Type '!python_command' for execution of python command
Type 'script script_name' for execution of console script", Required color: "[0, 255, 0]".
DEBUG:pgconsole:Adjusted Original Text(color, strip, tabs): "Welcome to pyRPG Console
***********************
Type 'list' for available commands and scripts.
Type 'command -h' for help.
Type '!python_command' for execution of python command
Type 'script script_name' for execution of console script", Color: "[0, 255, 0]".
DEBUG:pgconsole:Writing text_line: "Welcome to pyRPG Console", Calcucated breaks: [(0, 24)]
DEBUG:pgconsole:Writing text_part: "Welcome to pyRPG Console", Length: 24 chars, Px: 168.0
DEBUG:pgconsole:Writing text_line: "***********************", Calcucated breaks: [(0, 23)]
DEBUG:pgconsole:Writing text_part: "***********************", Length: 23 chars, Px: 161.0
DEBUG:pgconsole:Writing text_line: "Type 'list' for available commands and scripts.", Calcucated breaks: [(0, 47)]
DEBUG:pgconsole:Writing text_part: "Type 'list' for available commands and scripts.", Length: 47 chars, Px: 329.0
DEBUG:pgconsole:Writing text_line: "Type 'command -h' for help.", Calcucated breaks: [(0, 27)]
DEBUG:pgconsole:Writing text_part: "Type 'command -h' for help.", Length: 27 chars, Px: 189.0
DEBUG:pgconsole:Writing text_line: "Type '!python_command' for execution of python command", Calcucated breaks: [(0, 54)]
DEBUG:pgconsole:Writing text_part: "Type '!python_command' for execution of python command", Length: 54 chars, Px: 378.0
DEBUG:pgconsole:Writing text_line: "Type 'script script_name' for execution of console script", Calcucated breaks: [(0, 57)]
DEBUG:pgconsole:Writing text_part: "Type 'script script_name' for execution of console script", Length: 57 chars, Px: 399.0
DEBUG:pyrpg.core.config:Console initiated successfully.
